<?xml version="1.0" encoding="UTF-8"?>
<testng-results ignored="0" total="1" passed="1" failed="0" skipped="0">
  <reporter-output>
  </reporter-output>
  <suite started-at="2024-08-02T05:09:23Z" name="Default suite" finished-at="2024-08-02T05:09:26Z" duration-ms="2979">
    <groups>
    </groups>
    <test started-at="2024-08-02T05:09:23Z" name="Default test" finished-at="2024-08-02T05:09:26Z" duration-ms="2979">
      <class name="testCases.GetAllAccounts">
        <test-method signature="getAllAccounts()[pri:0, instance:testCases.GetAllAccounts@7b8b43c7]" started-at="2024-08-02T05:09:23Z" name="getAllAccounts" finished-at="2024-08-02T05:09:26Z" duration-ms="2965" status="PASS">
          <reporter-output>
          </reporter-output>
        </test-method> <!-- getAllAccounts -->
      </class> <!-- testCases.GetAllAccounts -->
    </test> <!-- Default test -->
  </suite> <!-- Default suite -->
</testng-results>
